[debug] [2022-10-15T21:12:09.281Z] ----------------------------------------------------------------------
[debug] [2022-10-15T21:12:09.282Z] Command:       /home/anton/.nvm/versions/node/v14.18.1/bin/node /home/anton/.nvm/versions/node/v14.18.1/bin/firebase deploy
[debug] [2022-10-15T21:12:09.283Z] CLI Version:   10.0.1
[debug] [2022-10-15T21:12:09.283Z] Platform:      linux
[debug] [2022-10-15T21:12:09.283Z] Node Version:  v14.18.1
[debug] [2022-10-15T21:12:09.283Z] Time:          Sat Oct 15 2022 23:12:09 GMT+0200 (Central European Summer Time)
[debug] [2022-10-15T21:12:09.283Z] ----------------------------------------------------------------------
[debug] 
[debug] [2022-10-15T21:12:09.285Z] >>> [apiv2][query] GET https://firebase-public.firebaseio.com/cli.json [none]
[debug] [2022-10-15T21:12:09.375Z] > command requires scopes: ["email","openid","https://www.googleapis.com/auth/cloudplatformprojects.readonly","https://www.googleapis.com/auth/firebase","https://www.googleapis.com/auth/cloud-platform"]
[debug] [2022-10-15T21:12:09.375Z] > authorizing via signed-in user (antonfahlgren1994@gmail.com)
[debug] [2022-10-15T21:12:09.376Z] [iam] checking project planista-f6eda for permissions ["firebase.projects.get","firebasehosting.sites.update"]
[debug] [2022-10-15T21:12:09.376Z] > refreshing access token with scopes: ["email","https://www.googleapis.com/auth/cloud-platform","https://www.googleapis.com/auth/cloudplatformprojects.readonly","https://www.googleapis.com/auth/firebase","openid"]
[debug] [2022-10-15T21:12:09.377Z] >>> HTTP REQUEST POST https://www.googleapis.com/oauth2/v3/token  
 <request body omitted>
[debug] [2022-10-15T21:12:09.547Z] <<< HTTP RESPONSE 400 {"date":"Sat, 15 Oct 2022 21:12:09 GMT","pragma":"no-cache","cache-control":"no-cache, no-store, max-age=0, must-revalidate","expires":"Mon, 01 Jan 1990 00:00:00 GMT","content-type":"application/json; charset=utf-8","vary":"X-Origin, Referer, Origin,Accept-Encoding","server":"scaffolding on HTTPServer2","x-xss-protection":"0","x-frame-options":"SAMEORIGIN","x-content-type-options":"nosniff","alt-svc":"h3=\":443\"; ma=2592000,h3-29=\":443\"; ma=2592000,h3-Q050=\":443\"; ma=2592000,h3-Q046=\":443\"; ma=2592000,h3-Q043=\":443\"; ma=2592000,quic=\":443\"; ma=2592000; v=\"46,43\"","accept-ranges":"none","transfer-encoding":"chunked"}
[debug] [2022-10-15T21:12:09.548Z] >>> HTTP REQUEST POST https://cloudresourcemanager.googleapis.com/v1/projects/planista-f6eda:testIamPermissions  
 {"permissions":["firebase.projects.get","firebasehosting.sites.update"]}
[debug] [2022-10-15T21:12:09.721Z] <<< [apiv2][status] GET https://firebase-public.firebaseio.com/cli.json 200
[debug] [2022-10-15T21:12:09.722Z] <<< [apiv2][body] GET https://firebase-public.firebaseio.com/cli.json {"cloudBuildErrorAfter":1594252800000,"cloudBuildWarnAfter":1590019200000,"defaultNode10After":1594252800000,"minVersion":"3.0.5","node8DeploysDisabledAfter":1613390400000,"node8RuntimeDisabledAfter":1615809600000,"node8WarnAfter":1600128000000}
[debug] [2022-10-15T21:12:10.475Z] <<< HTTP RESPONSE 401 {"www-authenticate":"Bearer realm=\"https://accounts.google.com/\", error=\"invalid_token\"","vary":"X-Origin, Referer, Origin,Accept-Encoding","content-type":"application/json; charset=UTF-8","date":"Sat, 15 Oct 2022 21:12:10 GMT","server":"ESF","cache-control":"private","x-xss-protection":"0","x-frame-options":"SAMEORIGIN","x-content-type-options":"nosniff","server-timing":"gfet4t7; dur=756","alt-svc":"h3=\":443\"; ma=2592000,h3-29=\":443\"; ma=2592000,h3-Q050=\":443\"; ma=2592000,h3-Q046=\":443\"; ma=2592000,h3-Q043=\":443\"; ma=2592000,quic=\":443\"; ma=2592000; v=\"46,43\"","accept-ranges":"none","transfer-encoding":"chunked"}
[debug] [2022-10-15T21:12:10.475Z] <<< HTTP RESPONSE BODY {"error":{"code":401,"message":"Request had invalid authentication credentials. Expected OAuth 2 access token, login cookie or other valid authentication credential. See https://developers.google.com/identity/sign-in/web/devconsole-project.","status":"UNAUTHENTICATED","details":[{"@type":"type.googleapis.com/google.rpc.ErrorInfo","reason":"ACCESS_TOKEN_TYPE_UNSUPPORTED","metadata":{"method":"google.cloudresourcemanager.v1.Projects.TestIamPermissions","service":"cloudresourcemanager.googleapis.com"}}]}}
[debug] [2022-10-15T21:12:10.476Z] [iam] error while checking permissions, command may fail: FirebaseError: HTTP Error: 401, Request had invalid authentication credentials. Expected OAuth 2 access token, login cookie or other valid authentication credential. See https://developers.google.com/identity/sign-in/web/devconsole-project.
[debug] [2022-10-15T21:12:10.477Z] > refreshing access token with scopes: []
[debug] [2022-10-15T21:12:10.477Z] >>> HTTP REQUEST POST https://www.googleapis.com/oauth2/v3/token  
 <request body omitted>
[debug] [2022-10-15T21:12:10.619Z] <<< HTTP RESPONSE 400 {"date":"Sat, 15 Oct 2022 21:12:10 GMT","cache-control":"no-cache, no-store, max-age=0, must-revalidate","expires":"Mon, 01 Jan 1990 00:00:00 GMT","pragma":"no-cache","content-type":"application/json; charset=utf-8","vary":"X-Origin, Referer, Origin,Accept-Encoding","server":"scaffolding on HTTPServer2","x-xss-protection":"0","x-frame-options":"SAMEORIGIN","x-content-type-options":"nosniff","alt-svc":"h3=\":443\"; ma=2592000,h3-29=\":443\"; ma=2592000,h3-Q050=\":443\"; ma=2592000,h3-Q046=\":443\"; ma=2592000,h3-Q043=\":443\"; ma=2592000,quic=\":443\"; ma=2592000; v=\"46,43\"","accept-ranges":"none","transfer-encoding":"chunked"}
[debug] [2022-10-15T21:12:10.622Z] >>> [apiv2][query] GET https://firebase.googleapis.com/v1beta1/projects/planista-f6eda [none]
[debug] [2022-10-15T21:12:10.781Z] <<< [apiv2][status] GET https://firebase.googleapis.com/v1beta1/projects/planista-f6eda 401
[debug] [2022-10-15T21:12:10.782Z] <<< [apiv2][body] GET https://firebase.googleapis.com/v1beta1/projects/planista-f6eda {"error":{"code":401,"message":"Request had invalid authentication credentials. Expected OAuth 2 access token, login cookie or other valid authentication credential. See https://developers.google.com/identity/sign-in/web/devconsole-project.","status":"UNAUTHENTICATED"}}
[debug] [2022-10-15T21:12:10.783Z] HTTP Error: 401, Request had invalid authentication credentials. Expected OAuth 2 access token, login cookie or other valid authentication credential. See https://developers.google.com/identity/sign-in/web/devconsole-project.
[debug] [2022-10-15T21:12:10.785Z] FirebaseError: HTTP Error: 401, Request had invalid authentication credentials. Expected OAuth 2 access token, login cookie or other valid authentication credential. See https://developers.google.com/identity/sign-in/web/devconsole-project.
    at module.exports (/home/anton/.nvm/versions/node/v14.18.1/lib/node_modules/firebase-tools/lib/responseToError.js:38:12)
    at Client.doRequest (/home/anton/.nvm/versions/node/v14.18.1/lib/node_modules/firebase-tools/lib/apiv2.js:241:23)
    at processTicksAndRejections (internal/process/task_queues.js:95:5)
    at async Client.request (/home/anton/.nvm/versions/node/v14.18.1/lib/node_modules/firebase-tools/lib/apiv2.js:96:20)
    at async Object.getFirebaseProject (/home/anton/.nvm/versions/node/v14.18.1/lib/node_modules/firebase-tools/lib/management/projects.js:290:21)
    at async Object.getDefaultHostingSite (/home/anton/.nvm/versions/node/v14.18.1/lib/node_modules/firebase-tools/lib/getDefaultHostingSite.js:8:21)
    at async requireHostingSite (/home/anton/.nvm/versions/node/v14.18.1/lib/node_modules/firebase-tools/lib/requireHostingSite.js:9:18)
    at async Object.fn (/home/anton/.nvm/versions/node/v14.18.1/lib/node_modules/firebase-tools/lib/commands/deploy.js:73:9)
    at async /home/anton/.nvm/versions/node/v14.18.1/lib/node_modules/firebase-tools/lib/command.js:188:17
[error] 
[error] Error: Failed to get Firebase project planista-f6eda. Please make sure the project exists and your account has permission to access it.
